<?xml version="1.0" encoding="UTF-8"?>
<!-- Generated by org.testng.reporters.JUnitXMLReporter -->
<testsuite ignored="4" hostname="DESKTOP-3IT0088" failures="0" tests="8" name="Surefire test" time="16.663" errors="0" timestamp="2024-11-08T20:24:11 IST">
  <testcase classname="com.selenium_project.AppTest" name="isFlase" time="0.011"/>
  <testcase classname="com.selenium_project.AppTest" name="s" time="0.001"/>
  <testcase classname="com.selenium_project.AppTest" name="shouldAnswerWithTrue" time="0.001"/>
  <testcase classname="com.selenium_project.AppTest" name="testFromExcel" time="0.002"/>
  <testcase classname="com.selenium_project.AppTest" name="testFromExcel" time="0.001"/>
  <testcase classname="com.selenium_project.signInPage.signInTest" name="aenterUserNameToSignInPage" time="0.358"/>
  <testcase classname="com.selenium_project.signInPage.signInTest" name="benterPasswordToSignInPage" time="0.37"/>
  <testcase classname="com.selenium_project.signInPage.signInTest" name="centervaluesSignIn" time="1.74"/>
  <testcase classname="com.selenium_project.BasePages.BaseTest" name="@AfterSuite tearDown" time="0.0">
    <ignored/>
  </testcase> <!-- @AfterSuite tearDown -->
  <testcase classname="com.selenium_project.BasePages.BaseTest" name="@BeforeSuite setUpp" time="0.0">
    <ignored/>
  </testcase> <!-- @BeforeSuite setUpp -->
  <testcase classname="com.selenium_project.BasePages.BaseTest" name="@BeforeSuite setUpp" time="0.0">
    <ignored/>
  </testcase> <!-- @BeforeSuite setUpp -->
  <testcase classname="com.selenium_project.BasePages.BaseTest" name="@AfterSuite tearDown" time="0.0">
    <ignored/>
  </testcase> <!-- @AfterSuite tearDown -->
</testsuite> <!-- Surefire test -->
