<?xml version="1.0" encoding="UTF-8"?>
<testsuite xmlns:xsi="http://www.w3.org/2001/XMLSchema-instance" xsi:noNamespaceSchemaLocation="https://maven.apache.org/surefire/maven-surefire-plugin/xsd/surefire-test-report.xsd" name="TestSuite" time="2.223" tests="3" errors="0" skipped="0" failures="0">
  <properties>
[...]
</properties>
  <testcase name="isFlase" classname="com.selenium_project.AppTest" time="0.009"/>
  <testcase name="shouldAnswerWithTrue" classname="com.selenium_project.AppTest" time="0"/>
  <testcase name="testFromExcel" classname="com.selenium_project.AppTest" time="0"/>
</testsuite>