<?xml version="1.0" encoding="UTF-8"?>
<testng-results ignored="0" total="3" passed="3" failed="0" skipped="0">
  <reporter-output>
  </reporter-output>
  <suite started-at="2024-11-06T20:34:34 IST" name="Surefire suite" finished-at="2024-11-06T20:34:34 IST" duration-ms="56">
    <groups>
    </groups>
    <test started-at="2024-11-06T20:34:34 IST" name="Surefire test" finished-at="2024-11-06T20:34:34 IST" duration-ms="56">
      <class name="com.selenium_project.AppTest">
        <test-method signature="isFlase()[pri:0, instance:com.selenium_project.AppTest@16aa0a0a]" started-at="2024-11-06T20:34:34 IST" name="isFlase" finished-at="2024-11-06T20:34:34 IST" duration-ms="5" status="PASS">
          <reporter-output>
          </reporter-output>
        </test-method> <!-- isFlase -->
        <test-method signature="s()[pri:0, instance:com.selenium_project.AppTest@16aa0a0a]" started-at="2024-11-06T20:34:34 IST" name="s" finished-at="2024-11-06T20:34:34 IST" duration-ms="2" status="PASS">
          <reporter-output>
          </reporter-output>
        </test-method> <!-- s -->
        <test-method signature="shouldAnswerWithTrue()[pri:0, instance:com.selenium_project.AppTest@16aa0a0a]" started-at="2024-11-06T20:34:34 IST" name="shouldAnswerWithTrue" finished-at="2024-11-06T20:34:34 IST" duration-ms="0" status="PASS">
          <reporter-output>
          </reporter-output>
        </test-method> <!-- shouldAnswerWithTrue -->
      </class> <!-- com.selenium_project.AppTest -->
    </test> <!-- Surefire test -->
  </suite> <!-- Surefire suite -->
</testng-results>
