<?xml version="1.0" encoding="UTF-8"?>
<testng-results ignored="0" total="8" passed="8" failed="0" skipped="0">
  <reporter-output>
  </reporter-output>
  <suite started-at="2024-11-07T21:55:30 IST" name="Surefire suite" finished-at="2024-11-07T21:55:43 IST" duration-ms="13633">
    <groups>
    </groups>
    <test started-at="2024-11-07T21:55:30 IST" name="Surefire test" finished-at="2024-11-07T21:55:43 IST" duration-ms="13633">
      <class name="com.selenium_project.signInPage.signInTest">
        <test-method is-config="true" signature="setUp(java.lang.String)[pri:0, instance:com.selenium_project.signInPage.signInTest@54c562f7]" started-at="2024-11-07T21:55:31 IST" name="setUp" finished-at="2024-11-07T21:55:34 IST" duration-ms="3762" status="PASS">
          <params>
            <param index="0">
              <value>
                <![CDATA[chrome]]>
              </value>
            </param>
          </params>
          <reporter-output>
          </reporter-output>
        </test-method> <!-- setUp -->
        <test-method is-config="true" signature="setUpSignIn(java.lang.String)[pri:0, instance:com.selenium_project.signInPage.signInTest@54c562f7]" started-at="2024-11-07T21:55:34 IST" name="setUpSignIn" finished-at="2024-11-07T21:55:35 IST" duration-ms="264" status="PASS">
          <params>
            <param index="0">
              <value>
                <![CDATA[chrome]]>
              </value>
            </param>
          </params>
          <reporter-output>
          </reporter-output>
        </test-method> <!-- setUpSignIn -->
        <test-method signature="aenterUserNameToSignInPage(com.selenium_project.Entities.User)[pri:0, instance:com.selenium_project.signInPage.signInTest@54c562f7]" started-at="2024-11-07T21:55:35 IST" name="aenterUserNameToSignInPage" data-provider="excelData" finished-at="2024-11-07T21:55:35 IST" duration-ms="362" status="PASS">
          <params>
            <param index="0">
              <value>
                <![CDATA[User{username='john_doe123', password='password', email='johndoe123@gmail.com', firstName='John', lastName='Doe', gender='MALE', dateOfBirth='', location='', phoneNumber='2147483647', bio='I'm the first user', post='hi this is a selenuim test post', comment='this is a nice test comment, Selenium', reply='this is a reply to a comment for test', editedBio='I edited this bio for testing purposes ', message='Morning! How are you doing?', homeSearch='Ja', bookmarkSearch='os'}]]>
              </value>
            </param>
          </params>
          <reporter-output>
          </reporter-output>
        </test-method> <!-- aenterUserNameToSignInPage -->
        <test-method is-config="true" signature="tearDownSignIn()[pri:0, instance:com.selenium_project.signInPage.signInTest@54c562f7]" started-at="2024-11-07T21:55:35 IST" name="tearDownSignIn" finished-at="2024-11-07T21:55:35 IST" duration-ms="216" status="PASS">
          <reporter-output>
          </reporter-output>
        </test-method> <!-- tearDownSignIn -->
        <test-method is-config="true" signature="setUp(java.lang.String)[pri:0, instance:com.selenium_project.signInPage.signInTest@54c562f7]" started-at="2024-11-07T21:55:35 IST" name="setUp" finished-at="2024-11-07T21:55:38 IST" duration-ms="2344" status="PASS">
          <params>
            <param index="0">
              <value>
                <![CDATA[chrome]]>
              </value>
            </param>
          </params>
          <reporter-output>
          </reporter-output>
        </test-method> <!-- setUp -->
        <test-method is-config="true" signature="setUpSignIn(java.lang.String)[pri:0, instance:com.selenium_project.signInPage.signInTest@54c562f7]" started-at="2024-11-07T21:55:38 IST" name="setUpSignIn" finished-at="2024-11-07T21:55:38 IST" duration-ms="214" status="PASS">
          <params>
            <param index="0">
              <value>
                <![CDATA[chrome]]>
              </value>
            </param>
          </params>
          <reporter-output>
          </reporter-output>
        </test-method> <!-- setUpSignIn -->
        <test-method signature="benterPasswordToSignInPage(com.selenium_project.Entities.User)[pri:0, instance:com.selenium_project.signInPage.signInTest@54c562f7]" started-at="2024-11-07T21:55:38 IST" name="benterPasswordToSignInPage" data-provider="excelData" finished-at="2024-11-07T21:55:38 IST" duration-ms="347" status="PASS">
          <params>
            <param index="0">
              <value>
                <![CDATA[User{username='john_doe123', password='password', email='johndoe123@gmail.com', firstName='John', lastName='Doe', gender='MALE', dateOfBirth='', location='', phoneNumber='2147483647', bio='I'm the first user', post='hi this is a selenuim test post', comment='this is a nice test comment, Selenium', reply='this is a reply to a comment for test', editedBio='I edited this bio for testing purposes ', message='Morning! How are you doing?', homeSearch='Ja', bookmarkSearch='os'}]]>
              </value>
            </param>
          </params>
          <reporter-output>
          </reporter-output>
        </test-method> <!-- benterPasswordToSignInPage -->
        <test-method is-config="true" signature="tearDownSignIn()[pri:0, instance:com.selenium_project.signInPage.signInTest@54c562f7]" started-at="2024-11-07T21:55:38 IST" name="tearDownSignIn" finished-at="2024-11-07T21:55:39 IST" duration-ms="326" status="PASS">
          <reporter-output>
          </reporter-output>
        </test-method> <!-- tearDownSignIn -->
        <test-method is-config="true" signature="setUp(java.lang.String)[pri:0, instance:com.selenium_project.signInPage.signInTest@54c562f7]" started-at="2024-11-07T21:55:39 IST" name="setUp" finished-at="2024-11-07T21:55:41 IST" duration-ms="2366" status="PASS">
          <params>
            <param index="0">
              <value>
                <![CDATA[chrome]]>
              </value>
            </param>
          </params>
          <reporter-output>
          </reporter-output>
        </test-method> <!-- setUp -->
        <test-method is-config="true" signature="setUpSignIn(java.lang.String)[pri:0, instance:com.selenium_project.signInPage.signInTest@54c562f7]" started-at="2024-11-07T21:55:41 IST" name="setUpSignIn" finished-at="2024-11-07T21:55:41 IST" duration-ms="262" status="PASS">
          <params>
            <param index="0">
              <value>
                <![CDATA[chrome]]>
              </value>
            </param>
          </params>
          <reporter-output>
          </reporter-output>
        </test-method> <!-- setUpSignIn -->
        <test-method signature="centervaluesSignIn(com.selenium_project.Entities.User)[pri:0, instance:com.selenium_project.signInPage.signInTest@54c562f7]" started-at="2024-11-07T21:55:41 IST" name="centervaluesSignIn" data-provider="excelData" finished-at="2024-11-07T21:55:43 IST" duration-ms="1495" status="PASS">
          <params>
            <param index="0">
              <value>
                <![CDATA[User{username='john_doe123', password='password', email='johndoe123@gmail.com', firstName='John', lastName='Doe', gender='MALE', dateOfBirth='', location='', phoneNumber='2147483647', bio='I'm the first user', post='hi this is a selenuim test post', comment='this is a nice test comment, Selenium', reply='this is a reply to a comment for test', editedBio='I edited this bio for testing purposes ', message='Morning! How are you doing?', homeSearch='Ja', bookmarkSearch='os'}]]>
              </value>
            </param>
          </params>
          <reporter-output>
          </reporter-output>
        </test-method> <!-- centervaluesSignIn -->
        <test-method is-config="true" signature="tearDownSignIn()[pri:0, instance:com.selenium_project.signInPage.signInTest@54c562f7]" started-at="2024-11-07T21:55:43 IST" name="tearDownSignIn" finished-at="2024-11-07T21:55:43 IST" duration-ms="442" status="PASS">
          <reporter-output>
          </reporter-output>
        </test-method> <!-- tearDownSignIn -->
      </class> <!-- com.selenium_project.signInPage.signInTest -->
      <class name="com.selenium_project.AppTest">
        <test-method signature="isFlase()[pri:0, instance:com.selenium_project.AppTest@79ad8b2f]" started-at="2024-11-07T21:55:30 IST" name="isFlase" finished-at="2024-11-07T21:55:30 IST" duration-ms="5" status="PASS">
          <reporter-output>
          </reporter-output>
        </test-method> <!-- isFlase -->
        <test-method signature="s()[pri:0, instance:com.selenium_project.AppTest@79ad8b2f]" started-at="2024-11-07T21:55:30 IST" name="s" finished-at="2024-11-07T21:55:30 IST" duration-ms="1" status="PASS">
          <reporter-output>
          </reporter-output>
        </test-method> <!-- s -->
        <test-method signature="shouldAnswerWithTrue()[pri:0, instance:com.selenium_project.AppTest@79ad8b2f]" started-at="2024-11-07T21:55:30 IST" name="shouldAnswerWithTrue" finished-at="2024-11-07T21:55:30 IST" duration-ms="1" status="PASS">
          <reporter-output>
          </reporter-output>
        </test-method> <!-- shouldAnswerWithTrue -->
        <test-method signature="testFromExcel(com.selenium_project.Entities.User)[pri:0, instance:com.selenium_project.AppTest@79ad8b2f]" started-at="2024-11-07T21:55:31 IST" name="testFromExcel" data-provider="excelData" finished-at="2024-11-07T21:55:31 IST" duration-ms="2" status="PASS">
          <params>
            <param index="0">
              <value>
                <![CDATA[User{username='john_doe123', password='password', email='johndoe123@gmail.com', firstName='John', lastName='Doe', gender='MALE', dateOfBirth='', location='', phoneNumber='2147483647', bio='I'm the first user', post='hi this is a selenuim test post', comment='this is a nice test comment, Selenium', reply='this is a reply to a comment for test', editedBio='I edited this bio for testing purposes ', message='Morning! How are you doing?', homeSearch='Ja', bookmarkSearch='os'}]]>
              </value>
            </param>
          </params>
          <reporter-output>
          </reporter-output>
        </test-method> <!-- testFromExcel -->
        <test-method signature="testFromExcel(com.selenium_project.Entities.User)[pri:0, instance:com.selenium_project.AppTest@79ad8b2f]" started-at="2024-11-07T21:55:31 IST" name="testFromExcel" data-provider="excelData" finished-at="2024-11-07T21:55:31 IST" duration-ms="1" status="PASS">
          <params>
            <param index="0">
              <value>
                <![CDATA[User{username='new_user', password='12345pass', email='randomUser@gmail.com', firstName='Random', lastName='User', gender='FEMALE', dateOfBirth='', location='Bethlehem', phoneNumber='590011234', bio='', post='', comment='', reply='', editedBio='', message='', homeSearch='', bookmarkSearch=''}]]>
              </value>
            </param>
          </params>
          <reporter-output>
          </reporter-output>
        </test-method> <!-- testFromExcel -->
      </class> <!-- com.selenium_project.AppTest -->
      <class name="com.selenium_project.BasePages.BaseTest">
        <test-method is-config="true" signature="setUpp()[pri:0, instance:com.selenium_project.BasePages.BaseTest@63a65a25]" started-at="2024-11-07T21:55:30 IST" name="setUpp" finished-at="2024-11-07T21:55:30 IST" duration-ms="15" status="PASS">
          <reporter-output>
          </reporter-output>
        </test-method> <!-- setUpp -->
        <test-method is-config="true" signature="tearDown()[pri:0, instance:com.selenium_project.BasePages.BaseTest@63a65a25]" started-at="2024-11-07T21:55:43 IST" name="tearDown" finished-at="2024-11-07T21:55:43 IST" duration-ms="1" status="PASS">
          <reporter-output>
          </reporter-output>
        </test-method> <!-- tearDown -->
      </class> <!-- com.selenium_project.BasePages.BaseTest -->
    </test> <!-- Surefire test -->
  </suite> <!-- Surefire suite -->
</testng-results>
